
-------------------------------------------------------------------------------
Parsing project file - C:\Users\danaw167\Desktop\Tenshi mod\project.xml
Mod Data Directory = c:/Users/danaw167/Desktop/Tenshi mod/

-------------------------------------------------------------------------------
Processing Map Files files...

-------------------------------------------------------------------------------
Running Localization...
Parsing localization/tenshi.string_table.xml

Building Languages
Exporting .loc2 files

-------------------------------------------------------------------------------
Searching for preview icon file c:/Users/danaw167/Desktop/Tenshi mod/preview_icon.png...FOUND!
<UploadMode> - Set to dont_submit


-------------------------------------------------------------------------------
Modded files...

heroes/tenshi/tenshi_A/anim/tenshi.sprite.afflicted.png
heroes/tenshi/tenshi_A/anim/tenshi.sprite.attack_banner.png
heroes/tenshi/tenshi_A/anim/tenshi.sprite.attack_scroll.png
heroes/tenshi/tenshi_A/anim/tenshi.sprite.attack_stun.png
heroes/tenshi/tenshi_A/anim/tenshi.sprite.attack_sword.png
heroes/tenshi/tenshi_A/anim/tenshi.sprite.camp.png
heroes/tenshi/tenshi_A/anim/tenshi.sprite.combat.png
heroes/tenshi/tenshi_A/anim/tenshi.sprite.defend.png
heroes/tenshi/tenshi_A/anim/tenshi.sprite.heroic.png
heroes/tenshi/tenshi_A/anim/tenshi.sprite.idle.png
heroes/tenshi/tenshi_A/anim/tenshi.sprite.investigate.png
heroes/tenshi/tenshi_A/anim/tenshi.sprite.walk.png
modes/new_game_plus/upgrades/heroes/tenshi.upgrades.json
modes/radiant/upgrades/heroes/tenshi.upgrades.json
campaign/town/town_event/town_event.image_first_tenshi.png
heroes/tenshi/anim/tenshi.sprite.afflicted.atlas
heroes/tenshi/anim/tenshi.sprite.afflicted.skel
heroes/tenshi/anim/tenshi.sprite.attack_banner.atlas
heroes/tenshi/anim/tenshi.sprite.attack_banner.skel
heroes/tenshi/anim/tenshi.sprite.attack_heal.atlas
heroes/tenshi/anim/tenshi.sprite.attack_heal.skel
heroes/tenshi/anim/tenshi.sprite.attack_scroll.atlas
heroes/tenshi/anim/tenshi.sprite.attack_scroll.skel
heroes/tenshi/anim/tenshi.sprite.attack_stun.atlas
heroes/tenshi/anim/tenshi.sprite.attack_stun.skel
heroes/tenshi/anim/tenshi.sprite.attack_sword.atlas
heroes/tenshi/anim/tenshi.sprite.attack_sword.skel
heroes/tenshi/anim/tenshi.sprite.camp.atlas
heroes/tenshi/anim/tenshi.sprite.camp.skel
heroes/tenshi/anim/tenshi.sprite.combat.atlas
heroes/tenshi/anim/tenshi.sprite.combat.skel
heroes/tenshi/anim/tenshi.sprite.defend.atlas
heroes/tenshi/anim/tenshi.sprite.defend.skel
heroes/tenshi/anim/tenshi.sprite.heroic.atlas
heroes/tenshi/anim/tenshi.sprite.heroic.skel
heroes/tenshi/anim/tenshi.sprite.idle.atlas
heroes/tenshi/anim/tenshi.sprite.idle.skel
heroes/tenshi/anim/tenshi.sprite.investigate.atlas
heroes/tenshi/anim/tenshi.sprite.investigate.skel
heroes/tenshi/anim/tenshi.sprite.walk.atlas
heroes/tenshi/anim/tenshi.sprite.walk.skel
heroes/tenshi/fx/tenshi.sprite.battle_heal_target.atlas
heroes/tenshi/fx/tenshi.sprite.battle_heal_target.png
heroes/tenshi/fx/tenshi.sprite.battle_heal_target.skel
heroes/tenshi/fx/tenshi.sprite.bulwark_of_faith.atlas
heroes/tenshi/fx/tenshi.sprite.bulwark_of_faith.png
heroes/tenshi/fx/tenshi.sprite.bulwark_of_faith.skel
heroes/tenshi/fx/tenshi.sprite.debris.atlas
heroes/tenshi/fx/tenshi.sprite.debris.png
heroes/tenshi/fx/tenshi.sprite.debris.skel
heroes/tenshi/fx/tenshi.sprite.smite.atlas
heroes/tenshi/fx/tenshi.sprite.smite.png
heroes/tenshi/fx/tenshi.sprite.smite.skel
heroes/tenshi/fx/tenshi.sprite.stunning_blow_target.atlas
heroes/tenshi/fx/tenshi.sprite.stunning_blow_target.png
heroes/tenshi/fx/tenshi.sprite.stunning_blow_target.skel
heroes/tenshi/fx/tenshi.sprite.tenshibasicripostefirstfx.atlas
heroes/tenshi/fx/tenshi.sprite.tenshibasicripostefirstfx.png
heroes/tenshi/fx/tenshi.sprite.tenshibasicripostefirstfx.skel
heroes/tenshi/fx/tenshi.sprite.tenshibasicripostesecondfx.atlas
heroes/tenshi/fx/tenshi.sprite.tenshibasicripostesecondfx.png
heroes/tenshi/fx/tenshi.sprite.tenshibasicripostesecondfx.skel
heroes/tenshi/fx/tenshi.sprite.zealous_accusation.atlas
heroes/tenshi/fx/tenshi.sprite.zealous_accusation.png
heroes/tenshi/fx/tenshi.sprite.zealous_accusation.skel
heroes/tenshi/icons_equip/eqp_armour_0.png
heroes/tenshi/icons_equip/eqp_armour_1.png
heroes/tenshi/icons_equip/eqp_armour_2.png
heroes/tenshi/icons_equip/eqp_armour_3.png
heroes/tenshi/icons_equip/eqp_armour_4.png
heroes/tenshi/icons_equip/eqp_weapon_0.png
heroes/tenshi/icons_equip/eqp_weapon_1.png
heroes/tenshi/icons_equip/eqp_weapon_2.png
heroes/tenshi/icons_equip/eqp_weapon_3.png
heroes/tenshi/icons_equip/eqp_weapon_4.png
heroes/tenshi/tenshi_A/tenshi_portrait_roster.png
panels/icons_equip/supply/inv_supply+tenshi_bomb.png
panels/icons_equip/supply/inv_supply+tenshi_bomb_camp.png
panels/icons_equip/trinket/inv_trinket+tenshi_trinket_catfish.png
panels/icons_equip/trinket/inv_trinket+tenshi_trinket_coin.png
panels/icons_equip/trinket/inv_trinket+tenshi_trinket_pebble.png
panels/icons_equip/trinket/inv_trinket+tenshi_trinket_sake.png
panels/icons_equip/trinket/inv_trinket+tenshi_trinket_scarf.png
panels/icons_equip/trinket/inv_trinket+tenshi_trinket_shion.png
panels/icons_equip/trinket/inv_trinket+tenshi_trinket_spooky.png
raid/camping/skill_icons/camp_skill_t_catharsis.png
raid/camping/skill_icons/camp_skill_t_eye.png
raid/camping/skill_icons/camp_skill_t_makesomebombs.png
raid/camping/skill_icons/camp_skill_t_peach.png
raid/camping/skill_icons/camp_skill_t_protectingstones.png
raid/camping/skill_icons/camp_skill_t_slack.png
campaign/provision/tenshi.provision.json
campaign/town_events/tenshi.town_events.events.json
fx/tenshi_snack/tenshi_snack.sprite.atlas
fx/tenshi_snack/tenshi_snack.sprite.png
fx/tenshi_snack/tenshi_snack.sprite.skel
heroes/tenshi/tenshi.ability.five.png
heroes/tenshi/tenshi.ability.four.png
heroes/tenshi/tenshi.ability.one.png
heroes/tenshi/tenshi.ability.seven.png
heroes/tenshi/tenshi.ability.six.png
heroes/tenshi/tenshi.ability.three.png
heroes/tenshi/tenshi.ability.two.png
heroes/tenshi/tenshi.art.darkest
heroes/tenshi/tenshi.info.darkest
heroes/tenshi/tenshi_guild_header.png
raid/camping/tenshi.camping_skills.json
shared/buffs/tenshi.buffs.json
shared/buffs/tenshibomb.buffs.json
shared/buffs/tenshicamp.buffs.json
shared/buffs/tenshidesk.buffs.json
shared/buffs/tenshisets.buffs.json
shared/buffs/tenshitrinket.buffs.json
shared/trait/tenshi.trait_library.json
upgrades/heroes/tenshi.upgrades.json
effects/tenshi.effects.darkest
inventory/tenshi.supply.inventory.items.darkest
localization/0_english.loc2
localization/tenshi.string_table.xml
loot/tenshi.loot.json
trinkets/tenshi.entries.trinkets.json
trinkets/tenshi.sets.trinkets.json
preview_icon.png
project.xml


*******************************************************************************
WARNING MOD WILL NOT BE UPLOADED
*******************************************************************************
Saving project file C:\Users\danaw167\Desktop\Tenshi mod\project.xml

